2025-07-02 13:48:17,682 NanoPlot 1.44.1 started with arguments Namespace(threads=4, verbose=False, store=False, raw=False, huge=False, outdir='.', no_static=False, prefix='ERR4351539', tsv_stats=False, only_report=False, info_in_report=False, maxlength=None, minlength=None, drop_outliers=False, downsample=None, loglength=True, percentqual=False, alength=False, minqual=None, runtime_until=None, readtype='1D', barcoded=False, no_supplementary=False, color='#4CB391', colormap='Greens', format=['png'], plots=['kde', 'dot'], legacy=None, listcolors=False, listcolormaps=False, no_N50=False, N50=False, title=None, font_scale=1, dpi=100, hide_stats=False, fastq=['ERR4351539.fastq'], fasta=None, fastq_rich=None, fastq_minimal=None, summary=None, bam=None, ubam=None, cram=None, pickle=None, feather=None, path='./ERR4351539')
2025-07-02 13:48:17,682 Python version is: 3.10.18 | packaged by conda-forge | (main, Jun  4 2025, 14:45:41) [GCC 13.3.0]
2025-07-02 13:48:17,700 Nanoget: Starting to collect statistics from plain fastq file.
2025-07-02 14:10:58,141 Reduced DataFrame memory usage from 254.50233459472656Mb to 254.50233459472656Mb
2025-07-02 14:10:58,605 Nanoget: Gathered all metrics of 16679057 reads
2025-07-02 14:11:08,598 Calculated statistics
2025-07-02 14:11:08,600 Using sequenced read lengths for plotting.
2025-07-02 14:11:08,815 Using log10 scaled read lengths.
2025-07-02 14:11:09,404 NanoPlot:  Valid color #4CB391.
2025-07-02 14:11:09,404 NanoPlot:  Valid colormap Greens.
2025-07-02 14:11:10,246 NanoPlot:  Creating length plots for Read length.
2025-07-02 14:11:10,254 NanoPlot:  Using 16679057 reads maximum of 1177782bp.
2025-07-02 14:11:13,597 Saved ./ERR4351539WeightedHistogramReadlength  as png (or png for --legacy)
2025-07-02 14:11:14,613 Saved ./ERR4351539WeightedLogTransformed_HistogramReadlength  as png (or png for --legacy)
2025-07-02 14:11:15,262 Saved ./ERR4351539Non_weightedHistogramReadlength  as png (or png for --legacy)
2025-07-02 14:11:16,075 Saved ./ERR4351539Non_weightedLogTransformed_HistogramReadlength  as png (or png for --legacy)
2025-07-02 14:11:16,076 NanoPlot: Creating yield by minimal length plot for Read length.
2025-07-02 14:11:17,719 Saved ./ERR4351539Yield_By_Length  as png (or png for --legacy)
2025-07-02 14:11:17,722 Created length plots
2025-07-02 14:11:17,849 NanoPlot: Creating Read lengths vs Average read quality plots using 16679057 reads.
2025-07-02 14:11:19,894 Saved ./ERR4351539LengthvsQualityScatterPlot_dot  as png (or png for --legacy)
2025-07-02 14:11:20,415 Saved ./ERR4351539LengthvsQualityScatterPlot_kde  as png (or png for --legacy)
2025-07-02 14:11:20,543 NanoPlot: Creating Read lengths vs Average read quality plots using 16679057 reads.
2025-07-02 14:11:22,049 Saved ./ERR4351539LengthvsQualityScatterPlot_loglength_dot  as png (or png for --legacy)
2025-07-02 14:11:22,585 Saved ./ERR4351539LengthvsQualityScatterPlot_loglength_kde  as png (or png for --legacy)
2025-07-02 14:11:22,587 Created LengthvsQual plot
2025-07-02 14:11:22,587 Writing html report.
2025-07-02 14:11:22,627 Finished!
